[6548:6548:1129/003731.459359:ERROR:sandbox_linux.cc(374)] InitializeSandbox() called with multiple threads in process gpu-process.
[6524:6524:1129/003731.980293:WARNING:CONSOLE(48)] "HTML Imports is deprecated and has now been removed as of M80. See https://www.chromestatus.com/features/5144752345317376 and https://developers.google.com/web/updates/2019/07/web-components-time-to-upgrade for more details.", source: chrome://settings/vpnWithDisclaimer (48)
[6524:6524:1129/003732.047281:ERROR:CONSOLE(0)] "Unchecked runtime.lastError: Could not establish connection. Receiving end does not exist.", source: chrome://startpage/ (0)
[6524:6524:1129/003732.047344:ERROR:CONSOLE(0)] "Unchecked runtime.lastError: Could not establish connection. Receiving end does not exist.", source: chrome://startpage/ (0)
[6524:6524:1129/003732.047372:ERROR:CONSOLE(0)] "Unchecked runtime.lastError: Could not establish connection. Receiving end does not exist.", source: chrome://startpage/ (0)
[6524:6524:1129/003732.047401:ERROR:CONSOLE(0)] "Unchecked runtime.lastError: Could not establish connection. Receiving end does not exist.", source: chrome://startpage/ (0)
[6524:6524:1129/003732.161534:ERROR:CONSOLE(0)] "Unchecked runtime.lastError: Could not establish connection. Receiving end does not exist.", source: chrome://startpage/ (0)
[6524:6524:1129/003732.161581:ERROR:CONSOLE(0)] "Unchecked runtime.lastError: Could not establish connection. Receiving end does not exist.", source: chrome://startpage/ (0)
[6524:6524:1129/003732.161601:ERROR:CONSOLE(0)] "Unchecked runtime.lastError: Could not establish connection. Receiving end does not exist.", source: chrome://startpage/ (0)
[6524:6524:1129/003732.161625:ERROR:CONSOLE(0)] "Unchecked runtime.lastError: Could not establish connection. Receiving end does not exist.", source: chrome://startpage/ (0)
[6524:6524:1129/003732.161794:ERROR:CONSOLE(0)] "Unchecked runtime.lastError: Could not establish connection. Receiving end does not exist.", source: chrome://startpage/ (0)
[6524:6524:1129/003732.161846:ERROR:CONSOLE(0)] "Unchecked runtime.lastError: Could not establish connection. Receiving end does not exist.", source: chrome://startpage/ (0)
[6524:6524:1129/003732.161885:ERROR:CONSOLE(0)] "Unchecked runtime.lastError: Could not establish connection. Receiving end does not exist.", source: chrome://startpage/ (0)
[6524:6524:1129/003732.161930:ERROR:CONSOLE(0)] "Unchecked runtime.lastError: Could not establish connection. Receiving end does not exist.", source: chrome://startpage/ (0)
[6524:6524:1129/003732.168094:ERROR:CONSOLE(0)] "Unchecked runtime.lastError: Could not establish connection. Receiving end does not exist.", source: chrome://startpage/ (0)
[6524:6524:1129/003732.168146:ERROR:CONSOLE(0)] "Unchecked runtime.lastError: Could not establish connection. Receiving end does not exist.", source: chrome://startpage/ (0)
[6524:6524:1129/003732.168165:ERROR:CONSOLE(0)] "Unchecked runtime.lastError: Could not establish connection. Receiving end does not exist.", source: chrome://startpage/ (0)
[6524:6524:1129/003732.168189:ERROR:CONSOLE(0)] "Unchecked runtime.lastError: Could not establish connection. Receiving end does not exist.", source: chrome://startpage/ (0)
[6524:6524:1129/003732.168224:INFO:CONSOLE(1)] "affInit", source: https://1wlyl.top/landing-page/_nuxt/05a3091057696bdeaf47.js (1)
[6524:6524:1129/003732.219840:ERROR:CONSOLE(2345)] "Uncaught TypeError: Cannot read property 'replace' of null", source: chrome://settings/shared.rollup.js (2345)
[6524:6524:1129/003733.282851:INFO:CONSOLE(2)] "WebSocket connection to 'wss://1wlyl.top/socket.io/?Language=ru&EIO=3&transport=websocket' failed: Proxy authentication failed", source: https://1wlyl.top/landing-page/_nuxt/13aaaa1a7d289ffc73de.js (2)
[6524:6524:1129/003733.283758:INFO:CONSOLE(1)] "connect_error", source: https://1wlyl.top/landing-page/_nuxt/02e63193cdc6eb530a9e.js (1)
[6524:6524:1129/003733.349437:INFO:CONSOLE(2)] "WebSocket connection to 'wss://1wlyl.top/socket.io/?Language=ru&EIO=3&transport=websocket' failed: Proxy authentication failed", source: https://1wlyl.top/landing-page/_nuxt/13aaaa1a7d289ffc73de.js (2)
[6524:6524:1129/003733.349780:INFO:CONSOLE(1)] "connect_error", source: https://1wlyl.top/landing-page/_nuxt/02e63193cdc6eb530a9e.js (1)
[6524:6535:1129/003737.186711:ERROR:connection_factory_impl.cc(428)] Failed to connect to MCS endpoint with error -127
[6524:6524:1129/003740.002820:INFO:CONSOLE(23)] "[Facebook Pixel] - Duplicate Pixel ID: 2252947855003555.", source: https://connect.facebook.net/en_US/fbevents.js (23)
[6524:6524:1129/003748.850206:INFO:CONSOLE(61)] "Opera has modified script or content on away.vk.com (DNA-85812, Pretend to be Chrome on vk.com). See browser.js for details", source: file://localhost/browser.js (61)
[7267:13:1129/003754.068260:WARNING:used_ids.h(55)] Duplicate id found. Reassigning from 104 to 127
[7267:13:1129/003754.068467:WARNING:used_ids.h(55)] Duplicate id found. Reassigning from 106 to 125
[7267:13:1129/003754.068832:WARNING:used_ids.h(55)] Duplicate id found. Reassigning from 110 to 124
[7267:13:1129/003754.068956:WARNING:used_ids.h(55)] Duplicate id found. Reassigning from 112 to 123
[7267:13:1129/003754.069107:WARNING:used_ids.h(55)] Duplicate id found. Reassigning from 102 to 122
[7267:13:1129/003754.069200:WARNING:used_ids.h(55)] Duplicate id found. Reassigning from 103 to 121
[7267:13:1129/003754.069327:WARNING:used_ids.h(55)] Duplicate id found. Reassigning from 105 to 120
[7267:13:1129/003754.069405:WARNING:used_ids.h(55)] Duplicate id found. Reassigning from 111 to 119
[7267:13:1129/003754.069467:WARNING:used_ids.h(55)] Duplicate id found. Reassigning from 109 to 118
[6524:6524:1129/003831.435263:WARNING:protocol_impl.cc(277)] Couldn't add the installation info.
[6524:6535:1129/003846.233396:ERROR:socket_stream.cc(219)] Closing stream with result -2
[6524:6535:1129/003932.556124:ERROR:socket_stream.cc(219)] Closing stream with result -2
[6524:6535:1129/004017.931695:ERROR:socket_stream.cc(219)] Closing stream with result -2
[6524:6535:1129/004205.314027:ERROR:socket_stream.cc(219)] Closing stream with result -2
[6524:6524:1129/004238.473732:WARNING:pref_notifier_impl.cc(40)] Pref observer for media_router.cast_allow_all_ips found at shutdown.
